<?xml version="1.0" encoding="UTF-8"?>
<!-- Generated by org.testng.reporters.JUnitReportReporter -->
<testsuite skipped="0" hostname="DESKTOP-8AFA2IC" name="runner.RunTest" tests="1" failures="0" timestamp="2023-03-07T00:48:20 BRT" time="96.334" errors="0">
  <testcase name="feature" time="96.334" classname="runner.RunTest"/>
</testsuite> <!-- runner.RunTest -->
